#
# There is insufficient memory for the Java Runtime Environment to continue.
# Native memory allocation (mmap) failed to map 83886080 bytes for committing reserved memory.
# Possible reasons:
#   The system is out of physical RAM or swap space
#   The process is running with CompressedOops enabled, and the Java Heap may be blocking the growth of the native heap
# Possible solutions:
#   Reduce memory load on the system
#   Increase physical memory or swap space
#   Check if swap backing store is full
#   Decrease Java heap size (-Xmx/-Xms)
#   Decrease number of Java threads
#   Decrease Java thread stack sizes (-Xss)
#   Set larger code cache with -XX:ReservedCodeCacheSize=
#   JVM is running with Unscaled Compressed Oops mode in which the Java heap is
#     placed in the first 4GB address space. The Java Heap base address is the
#     maximum limit for the native heap growth. Please use -XX:HeapBaseMinAddress
#     to set the Java Heap base and to place the Java Heap above 4GB virtual address.
# This output file may be truncated or incomplete.
#
#  Out of Memory Error (os_linux.cpp:2922), pid=15455, tid=15466
#
# JRE version: OpenJDK Runtime Environment (11.0.9.1+1) (build 11.0.9.1+1-post-Debian-1deb10u2)
# Java VM: OpenJDK 64-Bit Server VM (11.0.9.1+1-post-Debian-1deb10u2, mixed mode, sharing, tiered, compressed oops, parallel gc, linux-amd64)
# No core dump will be written. Core dumps have been disabled. To enable core dumping, try "ulimit -c unlimited" before starting Java again
#

---------------  S U M M A R Y ------------

Command Line: --add-modules=ALL-SYSTEM --add-opens=java.base/java.util=ALL-UNNAMED --add-opens=java.base/java.lang=ALL-UNNAMED -Declipse.application=org.eclipse.jdt.ls.core.id1 -Dosgi.bundles.defaultStartLevel=4 -Declipse.product=org.eclipse.jdt.ls.core.product -Dfile.encoding=utf8 -XX:+UseParallelGC -XX:GCTimeRatio=4 -XX:AdaptiveSizePolicyWeight=90 -Dsun.zip.disableMemoryMapping=true -Xmx1G -Xms100m -Xverify:none /home/mininet/.vscode-server/extensions/redhat.java-0.75.0/server/plugins/org.eclipse.equinox.launcher_1.6.0.v20200915-1508.jar -configuration /home/mininet/.vscode-server/data/User/globalStorage/redhat.java/0.75.0/config_linux -data /home/mininet/.vscode-server/data/User/workspaceStorage/180be4031ffe3574fb22295319de88fb/redhat.java/jdt_ws

Host: Intel(R) Xeon(R) CPU E5-2630 v3 @ 2.40GHz, 1 cores, 986M, Debian GNU/Linux 10 (buster)
Time: Tue Feb 23 17:13:22 2021 CST elapsed time: 41.310149 seconds (0d 0h 0m 41s)

---------------  T H R E A D  ---------------

Current thread (0x00007f43bc0f8800):  VMThread "VM Thread" [stack: 0x00007f439f9fb000,0x00007f439fafb000] [id=15466]

Stack: [0x00007f439f9fb000,0x00007f439fafb000],  sp=0x00007f439faf8d30,  free space=1015k
Native frames: (J=compiled Java code, A=aot compiled Java code, j=interpreted, Vv=VM code, C=native code)
V  [libjvm.so+0xe163aa]
V  [libjvm.so+0xe1706b]
V  [libjvm.so+0x649af5]
V  [libjvm.so+0xb7149a]
V  [libjvm.so+0xb67c6f]
V  [libjvm.so+0xbfcf8e]
V  [libjvm.so+0xbe6fbc]
V  [libjvm.so+0xbe71f0]
V  [libjvm.so+0xbe78be]
V  [libjvm.so+0xbf371b]
V  [libjvm.so+0xbfb7c5]
V  [libjvm.so+0xb9a2a9]
V  [libjvm.so+0xe19665]
V  [libjvm.so+0xe18b58]
V  [libjvm.so+0xe1e9c7]
V  [libjvm.so+0xe1f058]
V  [libjvm.so+0xe1f363]
V  [libjvm.so+0xdb0a89]
V  [libjvm.so+0xb75f1e]

VM_Operation (0x00007f439daedee0): ParallelGCFailedAllocation, mode: safepoint, requested by thread 0x00007f43a0440800


---------------  P R O C E S S  ---------------

Threads class SMR info:
_java_thread_list=0x00007f438053ccf0, length=27, elements={
0x00007f43bc016800, 0x00007f43bc0fb800, 0x00007f43bc0fd800, 0x00007f43bc108000,
0x00007f43bc10a800, 0x00007f43bc10c800, 0x00007f43bc10e800, 0x00007f43bc130000,
0x00007f43bc173000, 0x00007f43bc21d800, 0x00007f43bc309000, 0x00007f43bc344800,
0x00007f43bc347000, 0x00007f43a0033800, 0x00007f43a01f0800, 0x00007f43a02a2800,
0x00007f438c41a000, 0x00007f4388001800, 0x00007f43a0440800, 0x00007f43a0718000,
0x00007f43bc393800, 0x00007f43bc40f800, 0x00007f4388005000, 0x00005561d48c9800,
0x00007f438014f800, 0x00007f438c087800, 0x00005561d48df000
}

Java Threads: ( => current thread )
  0x00007f43bc016800 JavaThread "main" [_thread_blocked, id=15461, stack(0x00007f43c2ac0000,0x00007f43c2bc1000)]
  0x00007f43bc0fb800 JavaThread "Reference Handler" daemon [_thread_blocked, id=15468, stack(0x00007f439f8f8000,0x00007f439f9f9000)]
  0x00007f43bc0fd800 JavaThread "Finalizer" daemon [_thread_blocked, id=15470, stack(0x00007f439f7f7000,0x00007f439f8f8000)]
  0x00007f43bc108000 JavaThread "Signal Dispatcher" daemon [_thread_blocked, id=15471, stack(0x00007f439f411000,0x00007f439f512000)]
  0x00007f43bc10a800 JavaThread "C2 CompilerThread0" daemon [_thread_blocked, id=15473, stack(0x00007f439f310000,0x00007f439f411000)]
  0x00007f43bc10c800 JavaThread "C1 CompilerThread0" daemon [_thread_blocked, id=15475, stack(0x00007f439f20f000,0x00007f439f310000)]
  0x00007f43bc10e800 JavaThread "Sweeper thread" daemon [_thread_blocked, id=15478, stack(0x00007f439f10e000,0x00007f439f20f000)]
  0x00007f43bc130000 JavaThread "Common-Cleaner" daemon [_thread_blocked, id=15479, stack(0x00007f439f00d000,0x00007f439f10e000)]
  0x00007f43bc173000 JavaThread "Service Thread" daemon [_thread_blocked, id=15483, stack(0x00007f439ef0c000,0x00007f439f00d000)]
  0x00007f43bc21d800 JavaThread "process reaper" daemon [_thread_blocked, id=15487, stack(0x00007f43a405e000,0x00007f43a4080000)]
  0x00007f43bc309000 JavaThread "Active Thread: Equinox Container: 6cb48c07-4fe5-4577-8870-2d4e1d19586b" [_thread_blocked, id=15490, stack(0x00007f439ed09000,0x00007f439ee0a000)]
  0x00007f43bc344800 JavaThread "Framework Event Dispatcher: Equinox Container: 6cb48c07-4fe5-4577-8870-2d4e1d19586b" daemon [_thread_blocked, id=15493, stack(0x00007f439ec08000,0x00007f439ed09000)]
  0x00007f43bc347000 JavaThread "Start Level: Equinox Container: 6cb48c07-4fe5-4577-8870-2d4e1d19586b" daemon [_thread_blocked, id=15494, stack(0x00007f439eb07000,0x00007f439ec08000)]
  0x00007f43a0033800 JavaThread "SCR Component Actor" daemon [_thread_blocked, id=15500, stack(0x00007f439e7f5000,0x00007f439e8f6000)]
  0x00007f43a01f0800 JavaThread "Worker-JM" [_thread_blocked, id=15503, stack(0x00007f439e1f3000,0x00007f439e2f4000)]
  0x00007f43a02a2800 JavaThread "Worker-0: Java indexing... " [_thread_blocked, id=15506, stack(0x00007f439e0f2000,0x00007f439e1f3000)]
  0x00007f438c41a000 JavaThread "Worker-1" [_thread_blocked, id=15508, stack(0x00007f439ddf1000,0x00007f439def2000)]
  0x00007f4388001800 JavaThread "Worker-2" [_thread_blocked, id=15510, stack(0x00007f439dcf0000,0x00007f439ddf1000)]
  0x00007f43a0440800 JavaThread "Java indexing" daemon [_thread_blocked, id=15511, stack(0x00007f439d9ef000,0x00007f439daf0000)]
  0x00007f43a0718000 JavaThread "logback configurator timer" daemon [_thread_blocked, id=15516, stack(0x00007f439d4ee000,0x00007f439d5ef000)]
  0x00007f43bc393800 JavaThread "pool-3-thread-1" [_thread_blocked, id=15517, stack(0x00007f439d3ed000,0x00007f439d4ee000)]
  0x00007f43bc40f800 JavaThread "pool-2-thread-1" [_thread_in_native, id=15518, stack(0x00007f439e6f4000,0x00007f439e7f5000)]
  0x00007f4388005000 JavaThread "Worker-3" [_thread_blocked, id=15523, stack(0x00007f439ccec000,0x00007f439cded000)]
  0x00005561d48c9800 JavaThread "Worker-4" [_thread_blocked, id=15524, stack(0x00007f439cbeb000,0x00007f439ccec000)]
  0x00007f438014f800 JavaThread "Worker-5" [_thread_blocked, id=15525, stack(0x00007f439caea000,0x00007f439cbeb000)]
  0x00007f438c087800 JavaThread "Worker-6" [_thread_blocked, id=15526, stack(0x00007f439c9e9000,0x00007f439caea000)]
  0x00005561d48df000 JavaThread "Bundle File Closer" daemon [_thread_blocked, id=15591, stack(0x00007f4387bfe000,0x00007f4387cff000)]

Other Threads:
=>0x00007f43bc0f8800 VMThread "VM Thread" [stack: 0x00007f439f9fb000,0x00007f439fafb000] [id=15466]
  0x00007f43bc175800 WatcherThread [stack: 0x00007f439ee0c000,0x00007f439ef0c000] [id=15484]
  0x00007f43bc02e000 GCTaskThread "ParGC Thread#0" [stack: 0x00007f43c241e000,0x00007f43c251e000] [id=15463]

Threads with active compile tasks:
C2 CompilerThread0  41430 5881       4       org.eclipse.jdt.internal.core.search.matching.MethodDeclarationPattern::createDeclarationIndexKey (387 bytes)
C1 CompilerThread0  41437 5886   !   3       jdk.internal.jimage.BasicImageReader::getResourceBuffer (201 bytes)

VM state:at safepoint (normal execution)

VM Mutex/Monitor currently owned by a thread:  ([mutex/lock_event])
[0x00007f43bc012dc0] ExpandHeap_lock - owner thread: 0x00007f43bc0f8800
[0x00007f43bc013510] Threads_lock - owner thread: 0x00007f43bc0f8800
[0x00007f43bc013cf0] Heap_lock - owner thread: 0x00007f43a0440800

Heap address: 0x00000000c0000000, size: 1024 MB, Compressed Oops mode: 32-bit
Narrow klass base: 0x0000000800000000, Narrow klass shift: 3
Compressed class space size: 1073741824 Address: 0x0000000840000000

Heap:
 PSYoungGen      total 39936K, used 0K [0x00000000eab00000, 0x00000000ed880000, 0x0000000100000000)
  eden space 33280K, 0% used [0x00000000eab00000,0x00000000eab00000,0x00000000ecb80000)
  from space 6656K, 0% used [0x00000000ecb80000,0x00000000ecb80000,0x00000000ed200000)
  to   space 6656K, 0% used [0x00000000ed200000,0x00000000ed200000,0x00000000ed880000)
 ParOldGen       total 240640K, used 238980K [0x00000000c0000000, 0x00000000ceb00000, 0x00000000eab00000)
  object space 240640K, 99% used [0x00000000c0000000,0x00000000ce961110,0x00000000ceb00000)
 Metaspace       used 49264K, capacity 52132K, committed 52440K, reserved 1095680K
  class space    used 5049K, capacity 6071K, committed 6104K, reserved 1048576K

Card table byte_map: [0x00007f43c2674000,0x00007f43c2875000] _byte_map_base: 0x00007f43c2074000

Marking Bits: (ParMarkBitMap*) 0x00007f43c40ed5c0
 Begin Bits: [0x00007f43c041c000, 0x00007f43c141c000)
 End Bits:   [0x00007f43c141c000, 0x00007f43c241c000)

Polling page: 0x00007f43c4533000

Metaspace:

Usage:
  Non-class:     44.98 MB capacity,    43.18 MB ( 96%) used,     1.68 MB (  4%) free+waste,   122.56 KB ( <1%) overhead. 
      Class:      5.93 MB capacity,     4.93 MB ( 83%) used,   961.95 KB ( 16%) free+waste,    59.56 KB ( <1%) overhead. 
       Both:     50.91 MB capacity,    48.11 MB ( 94%) used,     2.62 MB (  5%) free+waste,   182.12 KB ( <1%) overhead. 

Virtual space:
  Non-class space:       46.00 MB reserved,      45.25 MB ( 98%) committed 
      Class space:        1.00 GB reserved,       5.96 MB ( <1%) committed 
             Both:        1.04 GB reserved,      51.21 MB (  5%) committed 

Chunk freelists:
   Non-Class:  43.00 KB
       Class:  9.00 KB
        Both:  52.00 KB

MaxMetaspaceSize: unlimited
CompressedClassSpaceSize: 1.00 GB

CodeHeap 'non-profiled nmethods': size=120036Kb used=2225Kb max_used=2225Kb free=117810Kb
 bounds [0x00007f43ac360000, 0x00007f43ac5d0000, 0x00007f43b3899000]
CodeHeap 'profiled nmethods': size=120032Kb used=11258Kb max_used=11258Kb free=108773Kb
 bounds [0x00007f43a4e28000, 0x00007f43a5938000, 0x00007f43ac360000]
CodeHeap 'non-nmethods': size=5692Kb used=1245Kb max_used=1307Kb free=4446Kb
 bounds [0x00007f43a4899000, 0x00007f43a4b09000, 0x00007f43a4e28000]
 total_blobs=5835 nmethods=5178 adapters=571
 compilation: enabled
              stopped_count=0, restarted_count=0
 full_count=0

Compilation events (20 events):
Event: 31.687 Thread 0x00007f43bc10c800 nmethod 5874 0x00007f43a592bc10 code [0x00007f43a592bf00, 0x00007f43a592ccc0]
Event: 31.687 Thread 0x00007f43bc10c800 5877       3       jdk.internal.jrtfs.JrtFileSystem::checkNode (40 bytes)
Event: 31.688 Thread 0x00007f43bc10a800 nmethod 5872 0x00007f43ac58b590 code [0x00007f43ac58b740, 0x00007f43ac58b918]
Event: 31.688 Thread 0x00007f43bc10a800 5864       4       java.util.stream.Sink$ChainedReference::begin (11 bytes)
Event: 31.689 Thread 0x00007f43bc10c800 nmethod 5877 0x00007f43a592d310 code [0x00007f43a592d540, 0x00007f43a592db40]
Event: 31.689 Thread 0x00007f43bc10c800 5878   !   3       jdk.internal.jimage.BasicImageReader::readBuffer (232 bytes)
Event: 31.690 Thread 0x00007f43bc10c800 nmethod 5878 0x00007f43a592de10 code [0x00007f43a592e180, 0x00007f43a592f670]
Event: 31.690 Thread 0x00007f43bc10c800 5876       3       org.eclipse.jdt.internal.compiler.classfmt.InnerClassInfo::getModifiers (23 bytes)
Event: 31.691 Thread 0x00007f43bc10c800 nmethod 5876 0x00007f43a592fe10 code [0x00007f43a592ffc0, 0x00007f43a5930270]
Event: 31.691 Thread 0x00007f43bc10a800 nmethod 5864 0x00007f43ac58ba90 code [0x00007f43ac58bc40, 0x00007f43ac58bd38]
Event: 31.694 Thread 0x00007f43bc10a800 5879       4       org.eclipse.jdt.internal.core.search.matching.MethodDeclarationPattern::getTypeErasure (122 bytes)
Event: 31.697 Thread 0x00007f43bc10a800 nmethod 5879 0x00007f43ac58be90 code [0x00007f43ac58c020, 0x00007f43ac58c198]
Event: 31.697 Thread 0x00007f43bc10a800 5880       4       org.eclipse.jdt.internal.core.search.matching.MethodDeclarationPattern::encodeExtraFlags (49 bytes)
Event: 31.697 Thread 0x00007f43bc10a800 nmethod 5880 0x00007f43ac58c310 code [0x00007f43ac58c4a0, 0x00007f43ac58c518]
Event: 31.698 Thread 0x00007f43bc10a800 5881       4       org.eclipse.jdt.internal.core.search.matching.MethodDeclarationPattern::createDeclarationIndexKey (387 bytes)
Event: 31.702 Thread 0x00007f43bc10c800 5882       3       org.eclipse.jdt.internal.core.search.matching.ConstructorPattern::createIndexKey (43 bytes)
Event: 31.703 Thread 0x00007f43bc10c800 nmethod 5882 0x00007f43a5930390 code [0x00007f43a5930660, 0x00007f43a59313c0]
Event: 31.763 Thread 0x00007f43bc10c800 5884       3       org.eclipse.jdt.internal.core.search.indexing.AddJrtToIndex$JrtTraverser::visitFile (14 bytes)
Event: 31.779 Thread 0x00007f43bc10c800 nmethod 5884 0x00007f43a5931910 code [0x00007f43a5931ae0, 0x00007f43a5931f00]
Event: 31.781 Thread 0x00007f43bc10c800 5886   !   3       jdk.internal.jimage.BasicImageReader::getResourceBuffer (201 bytes)

GC Heap History (20 events):
Event: 27.909 GC heap after
{Heap after GC invocations=59 (full 6):
 PSYoungGen      total 23552K, used 4404K [0x00000000eab00000, 0x00000000ecd00000, 0x0000000100000000)
  eden space 18944K, 0% used [0x00000000eab00000,0x00000000eab00000,0x00000000ebd80000)
  from space 4608K, 95% used [0x00000000ebd80000,0x00000000ec1cd288,0x00000000ec200000)
  to   space 6656K, 0% used [0x00000000ec680000,0x00000000ec680000,0x00000000ecd00000)
 ParOldGen       total 240640K, used 190933K [0x00000000c0000000, 0x00000000ceb00000, 0x00000000eab00000)
  object space 240640K, 79% used [0x00000000c0000000,0x00000000cba75458,0x00000000ceb00000)
 Metaspace       used 49263K, capacity 52132K, committed 52440K, reserved 1095680K
  class space    used 5049K, capacity 6071K, committed 6104K, reserved 1048576K
}
Event: 28.001 GC heap before
{Heap before GC invocations=60 (full 6):
 PSYoungGen      total 23552K, used 23348K [0x00000000eab00000, 0x00000000ecd00000, 0x0000000100000000)
  eden space 18944K, 100% used [0x00000000eab00000,0x00000000ebd80000,0x00000000ebd80000)
  from space 4608K, 95% used [0x00000000ebd80000,0x00000000ec1cd288,0x00000000ec200000)
  to   space 6656K, 0% used [0x00000000ec680000,0x00000000ec680000,0x00000000ecd00000)
 ParOldGen       total 240640K, used 190933K [0x00000000c0000000, 0x00000000ceb00000, 0x00000000eab00000)
  object space 240640K, 79% used [0x00000000c0000000,0x00000000cba75458,0x00000000ceb00000)
 Metaspace       used 49263K, capacity 52132K, committed 52440K, reserved 1095680K
  class space    used 5049K, capacity 6071K, committed 6104K, reserved 1048576K
}
Event: 28.021 GC heap after
{Heap after GC invocations=60 (full 6):
 PSYoungGen      total 25088K, used 6633K [0x00000000eab00000, 0x00000000ed300000, 0x0000000100000000)
  eden space 18432K, 0% used [0x00000000eab00000,0x00000000eab00000,0x00000000ebd00000)
  from space 6656K, 99% used [0x00000000ec680000,0x00000000eccfa450,0x00000000ecd00000)
  to   space 9728K, 0% used [0x00000000ebd00000,0x00000000ebd00000,0x00000000ec680000)
 ParOldGen       total 240640K, used 193011K [0x00000000c0000000, 0x00000000ceb00000, 0x00000000eab00000)
  object space 240640K, 80% used [0x00000000c0000000,0x00000000cbc7ce60,0x00000000ceb00000)
 Metaspace       used 49263K, capacity 52132K, committed 52440K, reserved 1095680K
  class space    used 5049K, capacity 6071K, committed 6104K, reserved 1048576K
}
Event: 28.099 GC heap before
{Heap before GC invocations=61 (full 6):
 PSYoungGen      total 25088K, used 25065K [0x00000000eab00000, 0x00000000ed300000, 0x0000000100000000)
  eden space 18432K, 100% used [0x00000000eab00000,0x00000000ebd00000,0x00000000ebd00000)
  from space 6656K, 99% used [0x00000000ec680000,0x00000000eccfa450,0x00000000ecd00000)
  to   space 9728K, 0% used [0x00000000ebd00000,0x00000000ebd00000,0x00000000ec680000)
 ParOldGen       total 240640K, used 193011K [0x00000000c0000000, 0x00000000ceb00000, 0x00000000eab00000)
  object space 240640K, 80% used [0x00000000c0000000,0x00000000cbc7ce60,0x00000000ceb00000)
 Metaspace       used 49263K, capacity 52132K, committed 52440K, reserved 1095680K
  class space    used 5049K, capacity 6071K, committed 6104K, reserved 1048576K
}
Event: 28.129 GC heap after
{Heap after GC invocations=61 (full 6):
 PSYoungGen      total 23040K, used 4141K [0x00000000eab00000, 0x00000000ecb80000, 0x0000000100000000)
  eden space 18432K, 0% used [0x00000000eab00000,0x00000000eab00000,0x00000000ebd00000)
  from space 4608K, 89% used [0x00000000ebd00000,0x00000000ec10b668,0x00000000ec180000)
  to   space 6144K, 0% used [0x00000000ec580000,0x00000000ec580000,0x00000000ecb80000)
 ParOldGen       total 240640K, used 199625K [0x00000000c0000000, 0x00000000ceb00000, 0x00000000eab00000)
  object space 240640K, 82% used [0x00000000c0000000,0x00000000cc2f27e0,0x00000000ceb00000)
 Metaspace       used 49263K, capacity 52132K, committed 52440K, reserved 1095680K
  class space    used 5049K, capacity 6071K, committed 6104K, reserved 1048576K
}
Event: 28.245 GC heap before
{Heap before GC invocations=62 (full 6):
 PSYoungGen      total 23040K, used 22573K [0x00000000eab00000, 0x00000000ecb80000, 0x0000000100000000)
  eden space 18432K, 100% used [0x00000000eab00000,0x00000000ebd00000,0x00000000ebd00000)
  from space 4608K, 89% used [0x00000000ebd00000,0x00000000ec10b668,0x00000000ec180000)
  to   space 6144K, 0% used [0x00000000ec580000,0x00000000ec580000,0x00000000ecb80000)
 ParOldGen       total 240640K, used 199625K [0x00000000c0000000, 0x00000000ceb00000, 0x00000000eab00000)
  object space 240640K, 82% used [0x00000000c0000000,0x00000000cc2f27e0,0x00000000ceb00000)
 Metaspace       used 49263K, capacity 52132K, committed 52440K, reserved 1095680K
  class space    used 5049K, capacity 6071K, committed 6104K, reserved 1048576K
}
Event: 28.262 GC heap after
{Heap after GC invocations=62 (full 6):
 PSYoungGen      total 24576K, used 3848K [0x00000000eab00000, 0x00000000ec980000, 0x0000000100000000)
  eden space 20480K, 0% used [0x00000000eab00000,0x00000000eab00000,0x00000000ebf00000)
  from space 4096K, 93% used [0x00000000ec580000,0x00000000ec942388,0x00000000ec980000)
  to   space 4608K, 0% used [0x00000000ec080000,0x00000000ec080000,0x00000000ec500000)
 ParOldGen       total 240640K, used 203744K [0x00000000c0000000, 0x00000000ceb00000, 0x00000000eab00000)
  object space 240640K, 84% used [0x00000000c0000000,0x00000000cc6f80c8,0x00000000ceb00000)
 Metaspace       used 49263K, capacity 52132K, committed 52440K, reserved 1095680K
  class space    used 5049K, capacity 6071K, committed 6104K, reserved 1048576K
}
Event: 28.527 GC heap before
{Heap before GC invocations=63 (full 6):
 PSYoungGen      total 24576K, used 24328K [0x00000000eab00000, 0x00000000ec980000, 0x0000000100000000)
  eden space 20480K, 100% used [0x00000000eab00000,0x00000000ebf00000,0x00000000ebf00000)
  from space 4096K, 93% used [0x00000000ec580000,0x00000000ec942388,0x00000000ec980000)
  to   space 4608K, 0% used [0x00000000ec080000,0x00000000ec080000,0x00000000ec500000)
 ParOldGen       total 240640K, used 203744K [0x00000000c0000000, 0x00000000ceb00000, 0x00000000eab00000)
  object space 240640K, 84% used [0x00000000c0000000,0x00000000cc6f80c8,0x00000000ceb00000)
 Metaspace       used 49263K, capacity 52132K, committed 52440K, reserved 1095680K
  class space    used 5049K, capacity 6071K, committed 6104K, reserved 1048576K
}
Event: 28.543 GC heap after
{Heap after GC invocations=63 (full 6):
 PSYoungGen      total 26624K, used 4578K [0x00000000eab00000, 0x00000000ed980000, 0x0000000100000000)
  eden space 22016K, 0% used [0x00000000eab00000,0x00000000eab00000,0x00000000ec080000)
  from space 4608K, 99% used [0x00000000ec080000,0x00000000ec4f8a68,0x00000000ec500000)
  to   space 12288K, 0% used [0x00000000ecd80000,0x00000000ecd80000,0x00000000ed980000)
 ParOldGen       total 240640K, used 209990K [0x00000000c0000000, 0x00000000ceb00000, 0x00000000eab00000)
  object space 240640K, 87% used [0x00000000c0000000,0x00000000ccd11828,0x00000000ceb00000)
 Metaspace       used 49263K, capacity 52132K, committed 52440K, reserved 1095680K
  class space    used 5049K, capacity 6071K, committed 6104K, reserved 1048576K
}
Event: 28.638 GC heap before
{Heap before GC invocations=64 (full 6):
 PSYoungGen      total 26624K, used 26594K [0x00000000eab00000, 0x00000000ed980000, 0x0000000100000000)
  eden space 22016K, 100% used [0x00000000eab00000,0x00000000ec080000,0x00000000ec080000)
  from space 4608K, 99% used [0x00000000ec080000,0x00000000ec4f8a68,0x00000000ec500000)
  to   space 12288K, 0% used [0x00000000ecd80000,0x00000000ecd80000,0x00000000ed980000)
 ParOldGen       total 240640K, used 209990K [0x00000000c0000000, 0x00000000ceb00000, 0x00000000eab00000)
  object space 240640K, 87% used [0x00000000c0000000,0x00000000ccd11828,0x00000000ceb00000)
 Metaspace       used 49263K, capacity 52132K, committed 52440K, reserved 1095680K
  class space    used 5049K, capacity 6071K, committed 6104K, reserved 1048576K
}
Event: 28.652 GC heap after
{Heap after GC invocations=64 (full 6):
 PSYoungGen      total 29184K, used 4559K [0x00000000eab00000, 0x00000000ed200000, 0x0000000100000000)
  eden space 24576K, 0% used [0x00000000eab00000,0x00000000eab00000,0x00000000ec300000)
  from space 4608K, 98% used [0x00000000ecd80000,0x00000000ed1f3d28,0x00000000ed200000)
  to   space 7168K, 0% used [0x00000000ec400000,0x00000000ec400000,0x00000000ecb00000)
 ParOldGen       total 240640K, used 214592K [0x00000000c0000000, 0x00000000ceb00000, 0x00000000eab00000)
  object space 240640K, 89% used [0x00000000c0000000,0x00000000cd190350,0x00000000ceb00000)
 Metaspace       used 49263K, capacity 52132K, committed 52440K, reserved 1095680K
  class space    used 5049K, capacity 6071K, committed 6104K, reserved 1048576K
}
Event: 28.933 GC heap before
{Heap before GC invocations=65 (full 6):
 PSYoungGen      total 29184K, used 29135K [0x00000000eab00000, 0x00000000ed200000, 0x0000000100000000)
  eden space 24576K, 100% used [0x00000000eab00000,0x00000000ec300000,0x00000000ec300000)
  from space 4608K, 98% used [0x00000000ecd80000,0x00000000ed1f3d28,0x00000000ed200000)
  to   space 7168K, 0% used [0x00000000ec400000,0x00000000ec400000,0x00000000ecb00000)
 ParOldGen       total 240640K, used 214592K [0x00000000c0000000, 0x00000000ceb00000, 0x00000000eab00000)
  object space 240640K, 89% used [0x00000000c0000000,0x00000000cd190350,0x00000000ceb00000)
 Metaspace       used 49264K, capacity 52132K, committed 52440K, reserved 1095680K
  class space    used 5049K, capacity 6071K, committed 6104K, reserved 1048576K
}
Event: 28.947 GC heap after
{Heap after GC invocations=65 (full 6):
 PSYoungGen      total 32768K, used 7145K [0x00000000eab00000, 0x00000000edb80000, 0x0000000100000000)
  eden space 25600K, 0% used [0x00000000eab00000,0x00000000eab00000,0x00000000ec400000)
  from space 7168K, 99% used [0x00000000ec400000,0x00000000ecafa610,0x00000000ecb00000)
  to   space 11264K, 0% used [0x00000000ed080000,0x00000000ed080000,0x00000000edb80000)
 ParOldGen       total 240640K, used 217412K [0x00000000c0000000, 0x00000000ceb00000, 0x00000000eab00000)
  object space 240640K, 90% used [0x00000000c0000000,0x00000000cd451020,0x00000000ceb00000)
 Metaspace       used 49264K, capacity 52132K, committed 52440K, reserved 1095680K
  class space    used 5049K, capacity 6071K, committed 6104K, reserved 1048576K
}
Event: 29.101 GC heap before
{Heap before GC invocations=66 (full 6):
 PSYoungGen      total 32768K, used 32745K [0x00000000eab00000, 0x00000000edb80000, 0x0000000100000000)
  eden space 25600K, 100% used [0x00000000eab00000,0x00000000ec400000,0x00000000ec400000)
  from space 7168K, 99% used [0x00000000ec400000,0x00000000ecafa610,0x00000000ecb00000)
  to   space 11264K, 0% used [0x00000000ed080000,0x00000000ed080000,0x00000000edb80000)
 ParOldGen       total 240640K, used 217412K [0x00000000c0000000, 0x00000000ceb00000, 0x00000000eab00000)
  object space 240640K, 90% used [0x00000000c0000000,0x00000000cd451020,0x00000000ceb00000)
 Metaspace       used 49264K, capacity 52132K, committed 52440K, reserved 1095680K
  class space    used 5049K, capacity 6071K, committed 6104K, reserved 1048576K
}
Event: 30.283 GC heap after
{Heap after GC invocations=66 (full 6):
 PSYoungGen      total 35328K, used 5691K [0x00000000eab00000, 0x00000000ed680000, 0x0000000100000000)
  eden space 29184K, 0% used [0x00000000eab00000,0x00000000eab00000,0x00000000ec780000)
  from space 6144K, 92% used [0x00000000ed080000,0x00000000ed60eea0,0x00000000ed680000)
  to   space 7680K, 0% used [0x00000000ec780000,0x00000000ec780000,0x00000000ecf00000)
 ParOldGen       total 240640K, used 224637K [0x00000000c0000000, 0x00000000ceb00000, 0x00000000eab00000)
  object space 240640K, 93% used [0x00000000c0000000,0x00000000cdb5f610,0x00000000ceb00000)
 Metaspace       used 49264K, capacity 52132K, committed 52440K, reserved 1095680K
  class space    used 5049K, capacity 6071K, committed 6104K, reserved 1048576K
}
Event: 31.109 GC heap before
{Heap before GC invocations=67 (full 6):
 PSYoungGen      total 35328K, used 34875K [0x00000000eab00000, 0x00000000ed680000, 0x0000000100000000)
  eden space 29184K, 100% used [0x00000000eab00000,0x00000000ec780000,0x00000000ec780000)
  from space 6144K, 92% used [0x00000000ed080000,0x00000000ed60eea0,0x00000000ed680000)
  to   space 7680K, 0% used [0x00000000ec780000,0x00000000ec780000,0x00000000ecf00000)
 ParOldGen       total 240640K, used 224637K [0x00000000c0000000, 0x00000000ceb00000, 0x00000000eab00000)
  object space 240640K, 93% used [0x00000000c0000000,0x00000000cdb5f610,0x00000000ceb00000)
 Metaspace       used 49264K, capacity 52132K, committed 52440K, reserved 1095680K
  class space    used 5049K, capacity 6071K, committed 6104K, reserved 1048576K
}
Event: 31.137 GC heap after
{Heap after GC invocations=67 (full 6):
 PSYoungGen      total 36864K, used 6741K [0x00000000eab00000, 0x00000000ed900000, 0x0000000100000000)
  eden space 29184K, 0% used [0x00000000eab00000,0x00000000eab00000,0x00000000ec780000)
  from space 7680K, 87% used [0x00000000ec780000,0x00000000ece156f8,0x00000000ecf00000)
  to   space 7168K, 0% used [0x00000000ed200000,0x00000000ed200000,0x00000000ed900000)
 ParOldGen       total 240640K, used 230380K [0x00000000c0000000, 0x00000000ceb00000, 0x00000000eab00000)
  object space 240640K, 95% used [0x00000000c0000000,0x00000000ce0fb288,0x00000000ceb00000)
 Metaspace       used 49264K, capacity 52132K, committed 52440K, reserved 1095680K
  class space    used 5049K, capacity 6071K, committed 6104K, reserved 1048576K
}
Event: 31.833 GC heap before
{Heap before GC invocations=68 (full 6):
 PSYoungGen      total 36864K, used 35925K [0x00000000eab00000, 0x00000000ed900000, 0x0000000100000000)
  eden space 29184K, 100% used [0x00000000eab00000,0x00000000ec780000,0x00000000ec780000)
  from space 7680K, 87% used [0x00000000ec780000,0x00000000ece156f8,0x00000000ecf00000)
  to   space 7168K, 0% used [0x00000000ed200000,0x00000000ed200000,0x00000000ed900000)
 ParOldGen       total 240640K, used 230380K [0x00000000c0000000, 0x00000000ceb00000, 0x00000000eab00000)
  object space 240640K, 95% used [0x00000000c0000000,0x00000000ce0fb288,0x00000000ceb00000)
 Metaspace       used 49264K, capacity 52132K, committed 52440K, reserved 1095680K
  class space    used 5049K, capacity 6071K, committed 6104K, reserved 1048576K
}
Event: 33.297 GC heap after
{Heap after GC invocations=68 (full 6):
 PSYoungGen      total 39936K, used 6239K [0x00000000eab00000, 0x00000000ed880000, 0x0000000100000000)
  eden space 33280K, 0% used [0x00000000eab00000,0x00000000eab00000,0x00000000ecb80000)
  from space 6656K, 93% used [0x00000000ed200000,0x00000000ed817c38,0x00000000ed880000)
  to   space 6656K, 0% used [0x00000000ecb80000,0x00000000ecb80000,0x00000000ed200000)
 ParOldGen       total 240640K, used 237037K [0x00000000c0000000, 0x00000000ceb00000, 0x00000000eab00000)
  object space 240640K, 98% used [0x00000000c0000000,0x00000000ce77b720,0x00000000ceb00000)
 Metaspace       used 49264K, capacity 52132K, committed 52440K, reserved 1095680K
  class space    used 5049K, capacity 6071K, committed 6104K, reserved 1048576K
}
Event: 33.298 GC heap before
{Heap before GC invocations=69 (full 7):
 PSYoungGen      total 39936K, used 6239K [0x00000000eab00000, 0x00000000ed880000, 0x0000000100000000)
  eden space 33280K, 0% used [0x00000000eab00000,0x00000000eab00000,0x00000000ecb80000)
  from space 6656K, 93% used [0x00000000ed200000,0x00000000ed817c38,0x00000000ed880000)
  to   space 6656K, 0% used [0x00000000ecb80000,0x00000000ecb80000,0x00000000ed200000)
 ParOldGen       total 240640K, used 237037K [0x00000000c0000000, 0x00000000ceb00000, 0x00000000eab00000)
  object space 240640K, 98% used [0x00000000c0000000,0x00000000ce77b720,0x00000000ceb00000)
 Metaspace       used 49264K, capacity 52132K, committed 52440K, reserved 1095680K
  class space    used 5049K, capacity 6071K, committed 6104K, reserved 1048576K
}

Deoptimization events (20 events):
Event: 31.137 Thread 0x00007f43a0440800 Uncommon trap: trap_request=0xffffffd6 fr.pc=0x00007f43ac58675c relative=0x000000000000039c
Event: 31.137 Thread 0x00007f43a0440800 Uncommon trap: reason=array_check action=maybe_recompile pc=0x00007f43ac58675c method=java.util.TimSort.binarySort([Ljava/lang/Object;IIILjava/util/Comparator;)V @ 215 c2
Event: 31.137 Thread 0x00007f43a0440800 DEOPT PACKING pc=0x00007f43ac58675c sp=0x00007f439daee110
Event: 31.137 Thread 0x00007f43a0440800 DEOPT UNPACKING pc=0x00007f43a48be59f sp=0x00007f439daee0a8 mode 2
Event: 31.137 Thread 0x00007f43a0440800 Uncommon trap: trap_request=0xffffffd6 fr.pc=0x00007f43ac58675c relative=0x000000000000039c
Event: 31.137 Thread 0x00007f43a0440800 Uncommon trap: reason=array_check action=maybe_recompile pc=0x00007f43ac58675c method=java.util.TimSort.binarySort([Ljava/lang/Object;IIILjava/util/Comparator;)V @ 215 c2
Event: 31.137 Thread 0x00007f43a0440800 DEOPT PACKING pc=0x00007f43ac58675c sp=0x00007f439daee110
Event: 31.137 Thread 0x00007f43a0440800 DEOPT UNPACKING pc=0x00007f43a48be59f sp=0x00007f439daee0a8 mode 2
Event: 31.138 Thread 0x00007f43a0440800 Uncommon trap: trap_request=0xffffffd6 fr.pc=0x00007f43ac586968 relative=0x00000000000005a8
Event: 31.138 Thread 0x00007f43a0440800 Uncommon trap: reason=array_check action=maybe_recompile pc=0x00007f43ac586968 method=java.util.TimSort.binarySort([Ljava/lang/Object;IIILjava/util/Comparator;)V @ 183 c2
Event: 31.138 Thread 0x00007f43a0440800 DEOPT PACKING pc=0x00007f43ac586968 sp=0x00007f439daee110
Event: 31.138 Thread 0x00007f43a0440800 DEOPT UNPACKING pc=0x00007f43a48be59f sp=0x00007f439daee0a8 mode 2
Event: 31.143 Thread 0x00007f43a0440800 Uncommon trap: trap_request=0xffffffd6 fr.pc=0x00007f43ac58675c relative=0x000000000000039c
Event: 31.143 Thread 0x00007f43a0440800 Uncommon trap: reason=array_check action=maybe_recompile pc=0x00007f43ac58675c method=java.util.TimSort.binarySort([Ljava/lang/Object;IIILjava/util/Comparator;)V @ 215 c2
Event: 31.143 Thread 0x00007f43a0440800 DEOPT PACKING pc=0x00007f43ac58675c sp=0x00007f439daee110
Event: 31.143 Thread 0x00007f43a0440800 DEOPT UNPACKING pc=0x00007f43a48be59f sp=0x00007f439daee0a8 mode 2
Event: 31.693 Thread 0x00007f43a0440800 Uncommon trap: trap_request=0xffffff4d fr.pc=0x00007f43ac588e8c relative=0x00000000000002cc
Event: 31.693 Thread 0x00007f43a0440800 Uncommon trap: reason=unstable_if action=reinterpret pc=0x00007f43ac588e8c method=org.eclipse.jdt.internal.core.search.matching.ConstructorPattern.createIndexKey([CI)[C @ 3 c2
Event: 31.693 Thread 0x00007f43a0440800 DEOPT PACKING pc=0x00007f43ac588e8c sp=0x00007f439daee0e0
Event: 31.693 Thread 0x00007f43a0440800 DEOPT UNPACKING pc=0x00007f43a48be59f sp=0x00007f439daee0b0 mode 2

Classes redefined (0 events):
No events

Internal exceptions (20 events):
Event: 23.662 Thread 0x00007f43bc4cb800 Exception <a 'java/lang/ArrayIndexOutOfBoundsException'{0x00000000eae0a7b0}> (0x00000000eae0a7b0) thrown at [src/hotspot/share/runtime/sharedRuntime.cpp, line 584]
Event: 23.662 Thread 0x00007f43bc4cb800 Exception <a 'java/lang/ArrayIndexOutOfBoundsException'{0x00000000eae0ac28}> (0x00000000eae0ac28) thrown at [src/hotspot/share/runtime/sharedRuntime.cpp, line 584]
Event: 23.723 Thread 0x00007f43bc4cb800 Exception <a 'java/lang/ArrayIndexOutOfBoundsException'{0x00000000eb541108}> (0x00000000eb541108) thrown at [src/hotspot/share/runtime/sharedRuntime.cpp, line 584]
Event: 23.724 Thread 0x00007f43bc4cb800 Exception <a 'java/lang/ArrayIndexOutOfBoundsException'{0x00000000eb567d70}> (0x00000000eb567d70) thrown at [src/hotspot/share/runtime/sharedRuntime.cpp, line 584]
Event: 23.724 Thread 0x00007f43bc4cb800 Exception <a 'java/lang/ArrayIndexOutOfBoundsException'{0x00000000eb5687c0}> (0x00000000eb5687c0) thrown at [src/hotspot/share/runtime/sharedRuntime.cpp, line 584]
Event: 23.724 Thread 0x00007f43bc4cb800 Exception <a 'java/lang/ArrayIndexOutOfBoundsException'{0x00000000eb568d88}> (0x00000000eb568d88) thrown at [src/hotspot/share/runtime/sharedRuntime.cpp, line 584]
Event: 23.742 Thread 0x00007f43bc4cb800 Exception <a 'java/lang/ArrayIndexOutOfBoundsException'{0x00000000eb5e01b8}> (0x00000000eb5e01b8) thrown at [src/hotspot/share/runtime/sharedRuntime.cpp, line 584]
Event: 23.742 Thread 0x00007f43bc4cb800 Exception <a 'java/lang/ArrayIndexOutOfBoundsException'{0x00000000eb606e68}> (0x00000000eb606e68) thrown at [src/hotspot/share/runtime/sharedRuntime.cpp, line 584]
Event: 23.744 Thread 0x00007f43bc4cb800 Exception <a 'java/lang/ArrayIndexOutOfBoundsException'{0x00000000eb6078b8}> (0x00000000eb6078b8) thrown at [src/hotspot/share/runtime/sharedRuntime.cpp, line 584]
Event: 23.744 Thread 0x00007f43bc4cb800 Exception <a 'java/lang/ArrayIndexOutOfBoundsException'{0x00000000eb607e80}> (0x00000000eb607e80) thrown at [src/hotspot/share/runtime/sharedRuntime.cpp, line 584]
Event: 23.845 Thread 0x00007f43a0440800 Implicit null exception at 0x00007f43ac4eef44 to 0x00007f43ac4ef0d4
Event: 23.898 Thread 0x00007f43bc4cb800 Exception <a 'java/lang/ArrayIndexOutOfBoundsException'{0x00000000eb62ae98}> (0x00000000eb62ae98) thrown at [src/hotspot/share/runtime/sharedRuntime.cpp, line 584]
Event: 23.906 Thread 0x00007f43bc4cb800 Exception <a 'java/lang/ArrayIndexOutOfBoundsException'{0x00000000eb7bc3e8}> (0x00000000eb7bc3e8) thrown at [src/hotspot/share/runtime/sharedRuntime.cpp, line 584]
Event: 23.911 Thread 0x00007f43bc4cb800 Exception <a 'java/lang/ArrayIndexOutOfBoundsException'{0x00000000eb8b0908}> (0x00000000eb8b0908) thrown at [src/hotspot/share/runtime/sharedRuntime.cpp, line 584]
Event: 23.912 Thread 0x00007f43bc4cb800 Exception <a 'java/lang/ArrayIndexOutOfBoundsException'{0x00000000eb8cb558}> (0x00000000eb8cb558) thrown at [src/hotspot/share/runtime/sharedRuntime.cpp, line 584]
Event: 23.936 Thread 0x00007f43bc4cb800 Exception <a 'java/lang/ArrayIndexOutOfBoundsException'{0x00000000eab26f00}> (0x00000000eab26f00) thrown at [src/hotspot/share/runtime/sharedRuntime.cpp, line 584]
Event: 23.936 Thread 0x00007f43bc4cb800 Exception <a 'java/lang/ArrayIndexOutOfBoundsException'{0x00000000eab41b30}> (0x00000000eab41b30) thrown at [src/hotspot/share/runtime/sharedRuntime.cpp, line 584]
Event: 23.937 Thread 0x00007f43bc4cb800 Exception <a 'java/lang/ArrayIndexOutOfBoundsException'{0x00000000eab77b20}> (0x00000000eab77b20) thrown at [src/hotspot/share/runtime/sharedRuntime.cpp, line 584]
Event: 23.949 Thread 0x00007f43bc4cb800 Exception <a 'java/lang/ArrayIndexOutOfBoundsException'{0x00000000eae0c998}> (0x00000000eae0c998) thrown at [src/hotspot/share/runtime/sharedRuntime.cpp, line 584]
Event: 24.007 Thread 0x00007f43bc4cb800 Exception <a 'java/lang/NoSuchMethodError'{0x00000000eb0f2aa0}: 'int java.lang.invoke.DirectMethodHandle$Holder.invokeSpecialIFC(java.lang.Object, java.lang.Object, java.lang.Object, java.lang.Object)'> (0x00000000eb0f2aa0) thrown at [src/hotspot/share/interpreter/linkResolver.cpp, line 773]

Events (20 events):
Event: 28.021 Executing VM operation: ParallelGCFailedAllocation done
Event: 28.099 Executing VM operation: ParallelGCFailedAllocation
Event: 28.129 Executing VM operation: ParallelGCFailedAllocation done
Event: 28.245 Executing VM operation: ParallelGCFailedAllocation
Event: 28.262 Executing VM operation: ParallelGCFailedAllocation done
Event: 28.527 Executing VM operation: ParallelGCFailedAllocation
Event: 28.543 Executing VM operation: ParallelGCFailedAllocation done
Event: 28.636 Executing VM operation: ParallelGCFailedAllocation
Event: 28.652 Executing VM operation: ParallelGCFailedAllocation done
Event: 28.900 Executing VM operation: RevokeBias
Event: 28.900 Executing VM operation: RevokeBias done
Event: 28.901 Executing VM operation: RevokeBias
Event: 28.901 Executing VM operation: RevokeBias done
Event: 28.933 Executing VM operation: ParallelGCFailedAllocation
Event: 28.947 Executing VM operation: ParallelGCFailedAllocation done
Event: 29.093 Executing VM operation: ParallelGCFailedAllocation
Event: 30.294 Executing VM operation: ParallelGCFailedAllocation done
Event: 31.108 Executing VM operation: ParallelGCFailedAllocation
Event: 31.137 Executing VM operation: ParallelGCFailedAllocation done
Event: 31.830 Executing VM operation: ParallelGCFailedAllocation


Dynamic libraries:
c0000000-ceb00000 rw-p 00000000 00:00 0 
d3b00000-eab00000 ---p 00000000 00:00 0 
eab00000-ed880000 rw-p 00000000 00:00 0 
ed880000-100000000 ---p 00000000 00:00 0 
800000000-800002000 rwxp 00001000 08:01 440828                           /usr/lib/jvm/java-11-openjdk-amd64/lib/server/classes.jsa
800002000-8003b9000 rw-p 00003000 08:01 440828                           /usr/lib/jvm/java-11-openjdk-amd64/lib/server/classes.jsa
8003b9000-800a82000 r--p 003ba000 08:01 440828                           /usr/lib/jvm/java-11-openjdk-amd64/lib/server/classes.jsa
800a82000-800a83000 rw-p 00a83000 08:01 440828                           /usr/lib/jvm/java-11-openjdk-amd64/lib/server/classes.jsa
800a83000-801091000 r--p 00a84000 08:01 440828                           /usr/lib/jvm/java-11-openjdk-amd64/lib/server/classes.jsa
840000000-8405f6000 rw-p 00000000 00:00 0 
8405f6000-880000000 ---p 00000000 00:00 0 
5561d3b01000-5561d3b02000 r--p 00000000 08:01 406272                     /usr/lib/jvm/java-11-openjdk-amd64/bin/java
5561d3b02000-5561d3b03000 r-xp 00001000 08:01 406272                     /usr/lib/jvm/java-11-openjdk-amd64/bin/java
5561d3b03000-5561d3b04000 r--p 00002000 08:01 406272                     /usr/lib/jvm/java-11-openjdk-amd64/bin/java
5561d3b04000-5561d3b05000 r--p 00002000 08:01 406272                     /usr/lib/jvm/java-11-openjdk-amd64/bin/java
5561d3b05000-5561d3b06000 rw-p 00003000 08:01 406272                     /usr/lib/jvm/java-11-openjdk-amd64/bin/java
5561d48a7000-5561d492b000 rw-p 00000000 00:00 0                          [heap]
7f4377899000-7f4380000000 r--s 00000000 08:01 406435                     /usr/lib/jvm/java-11-openjdk-amd64/lib/modules
7f4380000000-7f4381290000 rw-p 00000000 00:00 0 
7f4381290000-7f4384000000 ---p 00000000 00:00 0 
7f4386dfa000-7f4386f3a000 rw-p 00000000 00:00 0 
7f4386f3a000-7f4386ffa000 ---p 00000000 00:00 0 
7f4386ffa000-7f43871fa000 rw-p 00000000 00:00 0 
7f43871fa000-7f43873fa000 rw-p 00000000 00:00 0 
7f43873fa000-7f43875fa000 rw-p 00000000 00:00 0 
7f43875fa000-7f43875fe000 ---p 00000000 00:00 0 
7f43875fe000-7f43878fb000 rw-p 00000000 00:00 0 
7f43878fb000-7f43878ff000 ---p 00000000 00:00 0 
7f43878ff000-7f43879fc000 rw-p 00000000 00:00 0 
7f43879fc000-7f4387a00000 ---p 00000000 00:00 0 
7f4387a00000-7f4387afd000 rw-p 00000000 00:00 0 
7f4387afd000-7f4387b01000 ---p 00000000 00:00 0 
7f4387b01000-7f4387bfe000 rw-p 00000000 00:00 0 
7f4387bfe000-7f4387c02000 ---p 00000000 00:00 0 
7f4387c02000-7f4387cff000 rw-p 00000000 00:00 0 
7f4387cff000-7f4387d03000 ---p 00000000 00:00 0 
7f4387d03000-7f4388000000 rw-p 00000000 00:00 0 
7f4388000000-7f4388260000 rw-p 00000000 00:00 0 
7f4388260000-7f438c000000 ---p 00000000 00:00 0 
7f438c000000-7f438ed88000 rw-p 00000000 00:00 0 
7f438ed88000-7f4390000000 ---p 00000000 00:00 0 
7f4390000000-7f439005c000 rw-p 00000000 00:00 0 
7f439005c000-7f4394000000 ---p 00000000 00:00 0 
7f4394000000-7f4394304000 rw-p 00000000 00:00 0 
7f4394304000-7f4398000000 ---p 00000000 00:00 0 
7f4398000000-7f4398051000 rw-p 00000000 00:00 0 
7f4398051000-7f439c000000 ---p 00000000 00:00 0 
7f439c0e8000-7f439c0ec000 ---p 00000000 00:00 0 
7f439c0ec000-7f439c3e9000 rw-p 00000000 00:00 0 
7f439c3e9000-7f439c5e9000 rw-p 00000000 00:00 0 
7f439c5e9000-7f439c7e9000 rw-p 00000000 00:00 0 
7f439c7e9000-7f439c9e9000 rw-p 00000000 00:00 0 
7f439c9e9000-7f439c9ed000 ---p 00000000 00:00 0 
7f439c9ed000-7f439caea000 rw-p 00000000 00:00 0 
7f439caea000-7f439caee000 ---p 00000000 00:00 0 
7f439caee000-7f439cbeb000 rw-p 00000000 00:00 0 
7f439cbeb000-7f439cbef000 ---p 00000000 00:00 0 
7f439cbef000-7f439ccec000 rw-p 00000000 00:00 0 
7f439ccec000-7f439ccf0000 ---p 00000000 00:00 0 
7f439ccf0000-7f439cfed000 rw-p 00000000 00:00 0 
7f439cfed000-7f439d1ed000 rw-p 00000000 00:00 0 
7f439d1ed000-7f439d3ed000 rw-p 00000000 00:00 0 
7f439d3ed000-7f439d3f1000 ---p 00000000 00:00 0 
7f439d3f1000-7f439d4ee000 rw-p 00000000 00:00 0 
7f439d4ee000-7f439d4f2000 ---p 00000000 00:00 0 
7f439d4f2000-7f439d7ef000 rw-p 00000000 00:00 0 
7f439d7ef000-7f439d9ef000 rw-p 00000000 00:00 0 
7f439d9ef000-7f439d9f3000 ---p 00000000 00:00 0 
7f439d9f3000-7f439dcf0000 rw-p 00000000 00:00 0 
7f439dcf0000-7f439dcf4000 ---p 00000000 00:00 0 
7f439dcf4000-7f439ddf1000 rw-p 00000000 00:00 0 
7f439ddf1000-7f439ddf5000 ---p 00000000 00:00 0 
7f439ddf5000-7f439e0f2000 rw-p 00000000 00:00 0 
7f439e0f2000-7f439e0f6000 ---p 00000000 00:00 0 
7f439e0f6000-7f439e1f3000 rw-p 00000000 00:00 0 
7f439e1f3000-7f439e1f7000 ---p 00000000 00:00 0 
7f439e1f7000-7f439e4f4000 rw-p 00000000 00:00 0 
7f439e4f4000-7f439e6f4000 rw-p 00000000 00:00 0 
7f439e6f4000-7f439e6f8000 ---p 00000000 00:00 0 
7f439e6f8000-7f439e7f5000 rw-p 00000000 00:00 0 
7f439e7f5000-7f439e7f9000 ---p 00000000 00:00 0 
7f439e7f9000-7f439e8f6000 rw-p 00000000 00:00 0 
7f439e8f6000-7f439e906000 r-xp 00000000 08:01 403265                     /home/mininet/.vscode-server/data/User/globalStorage/redhat.java/0.75.0/config_linux/org.eclipse.equinox.launcher/org.eclipse.equinox.launcher.gtk.linux.x86_64_1.2.0.v20200915-1442/eclipse_11201.so
7f439e906000-7f439eb05000 ---p 00010000 08:01 403265                     /home/mininet/.vscode-server/data/User/globalStorage/redhat.java/0.75.0/config_linux/org.eclipse.equinox.launcher/org.eclipse.equinox.launcher.gtk.linux.x86_64_1.2.0.v20200915-1442/eclipse_11201.so
7f439eb05000-7f439eb06000 r--p 0000f000 08:01 403265                     /home/mininet/.vscode-server/data/User/globalStorage/redhat.java/0.75.0/config_linux/org.eclipse.equinox.launcher/org.eclipse.equinox.launcher.gtk.linux.x86_64_1.2.0.v20200915-1442/eclipse_11201.so
7f439eb06000-7f439eb07000 rw-p 00010000 08:01 403265                     /home/mininet/.vscode-server/data/User/globalStorage/redhat.java/0.75.0/config_linux/org.eclipse.equinox.launcher/org.eclipse.equinox.launcher.gtk.linux.x86_64_1.2.0.v20200915-1442/eclipse_11201.so
7f439eb07000-7f439eb0b000 ---p 00000000 00:00 0 
7f439eb0b000-7f439ec08000 rw-p 00000000 00:00 0 
7f439ec08000-7f439ec0c000 ---p 00000000 00:00 0 
7f439ec0c000-7f439ed09000 rw-p 00000000 00:00 0 
7f439ed09000-7f439ed0d000 ---p 00000000 00:00 0 
7f439ed0d000-7f439ee0a000 rw-p 00000000 00:00 0 
7f439ee0a000-7f439ee0b000 ---p 00000000 00:00 0 
7f439ee0b000-7f439ef0c000 rw-p 00000000 00:00 0 
7f439ef0c000-7f439ef10000 ---p 00000000 00:00 0 
7f439ef10000-7f439f00d000 rw-p 00000000 00:00 0 
7f439f00d000-7f439f011000 ---p 00000000 00:00 0 
7f439f011000-7f439f10e000 rw-p 00000000 00:00 0 
7f439f10e000-7f439f112000 ---p 00000000 00:00 0 
7f439f112000-7f439f20f000 rw-p 00000000 00:00 0 
7f439f20f000-7f439f213000 ---p 00000000 00:00 0 
7f439f213000-7f439f310000 rw-p 00000000 00:00 0 
7f439f310000-7f439f314000 ---p 00000000 00:00 0 
7f439f314000-7f439f411000 rw-p 00000000 00:00 0 
7f439f411000-7f439f415000 ---p 00000000 00:00 0 
7f439f415000-7f439f512000 rw-p 00000000 00:00 0 
7f439f512000-7f439f7f7000 r--p 00000000 08:01 400698                     /usr/lib/locale/locale-archive
7f439f7f7000-7f439f7fb000 ---p 00000000 00:00 0 
7f439f7fb000-7f439f8f8000 rw-p 00000000 00:00 0 
7f439f8f8000-7f439f8fc000 ---p 00000000 00:00 0 
7f439f8fc000-7f439f9f9000 rw-p 00000000 00:00 0 
7f439f9f9000-7f439f9fa000 ---p 00000000 00:00 0 
7f439f9fa000-7f43a0000000 rw-p 00000000 00:00 0 
7f43a0000000-7f43a090d000 rw-p 00000000 00:00 0 
7f43a090d000-7f43a4000000 ---p 00000000 00:00 0 
7f43a402d000-7f43a4035000 r--p 00000000 08:01 406431                     /usr/lib/jvm/java-11-openjdk-amd64/lib/libsunec.so
7f43a4035000-7f43a404d000 r-xp 00008000 08:01 406431                     /usr/lib/jvm/java-11-openjdk-amd64/lib/libsunec.so
7f43a404d000-7f43a4057000 r--p 00020000 08:01 406431                     /usr/lib/jvm/java-11-openjdk-amd64/lib/libsunec.so
7f43a4057000-7f43a4058000 ---p 0002a000 08:01 406431                     /usr/lib/jvm/java-11-openjdk-amd64/lib/libsunec.so
7f43a4058000-7f43a405c000 r--p 0002a000 08:01 406431                     /usr/lib/jvm/java-11-openjdk-amd64/lib/libsunec.so
7f43a405c000-7f43a405e000 rw-p 0002e000 08:01 406431                     /usr/lib/jvm/java-11-openjdk-amd64/lib/libsunec.so
7f43a405e000-7f43a4062000 ---p 00000000 00:00 0 
7f43a4062000-7f43a4080000 rw-p 00000000 00:00 0 
7f43a4080000-7f43a4084000 r--p 00000000 08:01 406425                     /usr/lib/jvm/java-11-openjdk-amd64/lib/libnet.so
7f43a4084000-7f43a4093000 r-xp 00004000 08:01 406425                     /usr/lib/jvm/java-11-openjdk-amd64/lib/libnet.so
7f43a4093000-7f43a4097000 r--p 00013000 08:01 406425                     /usr/lib/jvm/java-11-openjdk-amd64/lib/libnet.so
7f43a4097000-7f43a4098000 r--p 00016000 08:01 406425                     /usr/lib/jvm/java-11-openjdk-amd64/lib/libnet.so
7f43a4098000-7f43a4099000 rw-p 00017000 08:01 406425                     /usr/lib/jvm/java-11-openjdk-amd64/lib/libnet.so
7f43a4099000-7f43a4899000 rw-p 00000000 00:00 0 
7f43a4899000-7f43a4b09000 rwxp 00000000 00:00 0 
7f43a4b09000-7f43a4e28000 ---p 00000000 00:00 0 
7f43a4e28000-7f43a5938000 rwxp 00000000 00:00 0 
7f43a5938000-7f43ac360000 ---p 00000000 00:00 0 
7f43ac360000-7f43ac5d0000 rwxp 00000000 00:00 0 
7f43ac5d0000-7f43b3899000 ---p 00000000 00:00 0 
7f43b3899000-7f43bc000000 r--s 00000000 08:01 406435                     /usr/lib/jvm/java-11-openjdk-amd64/lib/modules
7f43bc000000-7f43bc4e1000 rw-p 00000000 00:00 0 
7f43bc4e1000-7f43c0000000 ---p 00000000 00:00 0 
7f43c0018000-7f43c001f000 r--p 00000000 08:01 406426                     /usr/lib/jvm/java-11-openjdk-amd64/lib/libnio.so
7f43c001f000-7f43c0026000 r-xp 00007000 08:01 406426                     /usr/lib/jvm/java-11-openjdk-amd64/lib/libnio.so
7f43c0026000-7f43c0029000 r--p 0000e000 08:01 406426                     /usr/lib/jvm/java-11-openjdk-amd64/lib/libnio.so
7f43c0029000-7f43c002a000 r--p 00010000 08:01 406426                     /usr/lib/jvm/java-11-openjdk-amd64/lib/libnio.so
7f43c002a000-7f43c002b000 rw-p 00011000 08:01 406426                     /usr/lib/jvm/java-11-openjdk-amd64/lib/libnio.so
7f43c002b000-7f43c241c000 rw-p 00000000 00:00 0 
7f43c241c000-7f43c241d000 ---p 00000000 00:00 0 
7f43c241d000-7f43c2594000 rw-p 00000000 00:00 0 
7f43c2594000-7f43c2674000 ---p 00000000 00:00 0 
7f43c2674000-7f43c26ea000 rw-p 00000000 00:00 0 
7f43c26ea000-7f43c27c9000 ---p 00000000 00:00 0 
7f43c27c9000-7f43c27e1000 rw-p 00000000 00:00 0 
7f43c27e1000-7f43c2874000 ---p 00000000 00:00 0 
7f43c2874000-7f43c287a000 rw-p 00000000 00:00 0 
7f43c287a000-7f43c2960000 ---p 00000000 00:00 0 
7f43c2960000-7f43c2977000 rw-p 00000000 00:00 0 
7f43c2977000-7f43c2a4b000 ---p 00000000 00:00 0 
7f43c2a4b000-7f43c2a50000 rw-p 00000000 00:00 0 
7f43c2a50000-7f43c2a57000 ---p 00000000 00:00 0 
7f43c2a57000-7f43c2a5a000 r--p 00000000 08:01 393930                     /usr/lib/x86_64-linux-gnu/libnss_files-2.28.so
7f43c2a5a000-7f43c2a61000 r-xp 00003000 08:01 393930                     /usr/lib/x86_64-linux-gnu/libnss_files-2.28.so
7f43c2a61000-7f43c2a63000 r--p 0000a000 08:01 393930                     /usr/lib/x86_64-linux-gnu/libnss_files-2.28.so
7f43c2a63000-7f43c2a64000 ---p 0000c000 08:01 393930                     /usr/lib/x86_64-linux-gnu/libnss_files-2.28.so
7f43c2a64000-7f43c2a65000 r--p 0000c000 08:01 393930                     /usr/lib/x86_64-linux-gnu/libnss_files-2.28.so
7f43c2a65000-7f43c2a66000 rw-p 0000d000 08:01 393930                     /usr/lib/x86_64-linux-gnu/libnss_files-2.28.so
7f43c2a66000-7f43c2a6c000 rw-p 00000000 00:00 0 
7f43c2a6c000-7f43c2a6e000 r--s 00007000 08:01 149036                     /usr/share/java/java-atk-wrapper.jar
7f43c2a6e000-7f43c2a70000 r--p 00000000 08:01 406434                     /usr/lib/jvm/java-11-openjdk-amd64/lib/libzip.so
7f43c2a70000-7f43c2a74000 r-xp 00002000 08:01 406434                     /usr/lib/jvm/java-11-openjdk-amd64/lib/libzip.so
7f43c2a74000-7f43c2a76000 r--p 00006000 08:01 406434                     /usr/lib/jvm/java-11-openjdk-amd64/lib/libzip.so
7f43c2a76000-7f43c2a77000 r--p 00007000 08:01 406434                     /usr/lib/jvm/java-11-openjdk-amd64/lib/libzip.so
7f43c2a77000-7f43c2a78000 rw-p 00008000 08:01 406434                     /usr/lib/jvm/java-11-openjdk-amd64/lib/libzip.so
7f43c2a78000-7f43c2a80000 rw-s 00000000 08:01 300264                     /tmp/hsperfdata_mininet/15455
7f43c2a80000-7f43c2a82000 r--p 00000000 08:01 406417                     /usr/lib/jvm/java-11-openjdk-amd64/lib/libjimage.so
7f43c2a82000-7f43c2a85000 r-xp 00002000 08:01 406417                     /usr/lib/jvm/java-11-openjdk-amd64/lib/libjimage.so
7f43c2a85000-7f43c2a87000 r--p 00005000 08:01 406417                     /usr/lib/jvm/java-11-openjdk-amd64/lib/libjimage.so
7f43c2a87000-7f43c2a88000 r--p 00006000 08:01 406417                     /usr/lib/jvm/java-11-openjdk-amd64/lib/libjimage.so
7f43c2a88000-7f43c2a89000 rw-p 00007000 08:01 406417                     /usr/lib/jvm/java-11-openjdk-amd64/lib/libjimage.so
7f43c2a89000-7f43c2a97000 r--p 00000000 08:01 406413                     /usr/lib/jvm/java-11-openjdk-amd64/lib/libjava.so
7f43c2a97000-7f43c2aac000 r-xp 0000e000 08:01 406413                     /usr/lib/jvm/java-11-openjdk-amd64/lib/libjava.so
7f43c2aac000-7f43c2ab3000 r--p 00023000 08:01 406413                     /usr/lib/jvm/java-11-openjdk-amd64/lib/libjava.so
7f43c2ab3000-7f43c2ab4000 r--p 00029000 08:01 406413                     /usr/lib/jvm/java-11-openjdk-amd64/lib/libjava.so
7f43c2ab4000-7f43c2ab5000 rw-p 0002a000 08:01 406413                     /usr/lib/jvm/java-11-openjdk-amd64/lib/libjava.so
7f43c2ab5000-7f43c2ab6000 rw-p 00000000 00:00 0 
7f43c2ab6000-7f43c2ab8000 r--p 00000000 08:01 393938                     /usr/lib/x86_64-linux-gnu/librt-2.28.so
7f43c2ab8000-7f43c2abc000 r-xp 00002000 08:01 393938                     /usr/lib/x86_64-linux-gnu/librt-2.28.so
7f43c2abc000-7f43c2abe000 r--p 00006000 08:01 393938                     /usr/lib/x86_64-linux-gnu/librt-2.28.so
7f43c2abe000-7f43c2abf000 r--p 00007000 08:01 393938                     /usr/lib/x86_64-linux-gnu/librt-2.28.so
7f43c2abf000-7f43c2ac0000 rw-p 00008000 08:01 393938                     /usr/lib/x86_64-linux-gnu/librt-2.28.so
7f43c2ac0000-7f43c2ac4000 ---p 00000000 00:00 0 
7f43c2ac4000-7f43c2bc1000 rw-p 00000000 00:00 0 
7f43c2bc1000-7f43c2bc4000 r--p 00000000 08:01 393233                     /usr/lib/x86_64-linux-gnu/libgcc_s.so.1
7f43c2bc4000-7f43c2bd5000 r-xp 00003000 08:01 393233                     /usr/lib/x86_64-linux-gnu/libgcc_s.so.1
7f43c2bd5000-7f43c2bd8000 r--p 00014000 08:01 393233                     /usr/lib/x86_64-linux-gnu/libgcc_s.so.1
7f43c2bd8000-7f43c2bd9000 ---p 00017000 08:01 393233                     /usr/lib/x86_64-linux-gnu/libgcc_s.so.1
7f43c2bd9000-7f43c2bda000 r--p 00017000 08:01 393233                     /usr/lib/x86_64-linux-gnu/libgcc_s.so.1
7f43c2bda000-7f43c2bdb000 rw-p 00018000 08:01 393233                     /usr/lib/x86_64-linux-gnu/libgcc_s.so.1
7f43c2bdb000-7f43c2be8000 r--p 00000000 08:01 393923                     /usr/lib/x86_64-linux-gnu/libm-2.28.so
7f43c2be8000-7f43c2c87000 r-xp 0000d000 08:01 393923                     /usr/lib/x86_64-linux-gnu/libm-2.28.so
7f43c2c87000-7f43c2d5c000 r--p 000ac000 08:01 393923                     /usr/lib/x86_64-linux-gnu/libm-2.28.so
7f43c2d5c000-7f43c2d5d000 r--p 00180000 08:01 393923                     /usr/lib/x86_64-linux-gnu/libm-2.28.so
7f43c2d5d000-7f43c2d5e000 rw-p 00181000 08:01 393923                     /usr/lib/x86_64-linux-gnu/libm-2.28.so
7f43c2d5e000-7f43c2de7000 r--p 00000000 08:01 396665                     /usr/lib/x86_64-linux-gnu/libstdc++.so.6.0.25
7f43c2de7000-7f43c2e93000 r-xp 00089000 08:01 396665                     /usr/lib/x86_64-linux-gnu/libstdc++.so.6.0.25
7f43c2e93000-7f43c2ed1000 r--p 00135000 08:01 396665                     /usr/lib/x86_64-linux-gnu/libstdc++.so.6.0.25
7f43c2ed1000-7f43c2ed2000 ---p 00173000 08:01 396665                     /usr/lib/x86_64-linux-gnu/libstdc++.so.6.0.25
7f43c2ed2000-7f43c2edc000 r--p 00173000 08:01 396665                     /usr/lib/x86_64-linux-gnu/libstdc++.so.6.0.25
7f43c2edc000-7f43c2ede000 rw-p 0017d000 08:01 396665                     /usr/lib/x86_64-linux-gnu/libstdc++.so.6.0.25
7f43c2ede000-7f43c2ee2000 rw-p 00000000 00:00 0 
7f43c2ee2000-7f43c315b000 r--p 00000000 08:01 406440                     /usr/lib/jvm/java-11-openjdk-amd64/lib/server/libjvm.so
7f43c315b000-7f43c3d6c000 r-xp 00279000 08:01 406440                     /usr/lib/jvm/java-11-openjdk-amd64/lib/server/libjvm.so
7f43c3d6c000-7f43c3fc3000 r--p 00e8a000 08:01 406440                     /usr/lib/jvm/java-11-openjdk-amd64/lib/server/libjvm.so
7f43c3fc3000-7f43c4084000 r--p 010e0000 08:01 406440                     /usr/lib/jvm/java-11-openjdk-amd64/lib/server/libjvm.so
7f43c4084000-7f43c40bf000 rw-p 011a1000 08:01 406440                     /usr/lib/jvm/java-11-openjdk-amd64/lib/server/libjvm.so
7f43c40bf000-7f43c4118000 rw-p 00000000 00:00 0 
7f43c4118000-7f43c413a000 r--p 00000000 08:01 393918                     /usr/lib/x86_64-linux-gnu/libc-2.28.so
7f43c413a000-7f43c4282000 r-xp 00022000 08:01 393918                     /usr/lib/x86_64-linux-gnu/libc-2.28.so
7f43c4282000-7f43c42ce000 r--p 0016a000 08:01 393918                     /usr/lib/x86_64-linux-gnu/libc-2.28.so
7f43c42ce000-7f43c42cf000 ---p 001b6000 08:01 393918                     /usr/lib/x86_64-linux-gnu/libc-2.28.so
7f43c42cf000-7f43c42d3000 r--p 001b6000 08:01 393918                     /usr/lib/x86_64-linux-gnu/libc-2.28.so
7f43c42d3000-7f43c42d5000 rw-p 001ba000 08:01 393918                     /usr/lib/x86_64-linux-gnu/libc-2.28.so
7f43c42d5000-7f43c42d9000 rw-p 00000000 00:00 0 
7f43c42d9000-7f43c42da000 r--p 00000000 08:01 393920                     /usr/lib/x86_64-linux-gnu/libdl-2.28.so
7f43c42da000-7f43c42db000 r-xp 00001000 08:01 393920                     /usr/lib/x86_64-linux-gnu/libdl-2.28.so
7f43c42db000-7f43c42dc000 r--p 00002000 08:01 393920                     /usr/lib/x86_64-linux-gnu/libdl-2.28.so
7f43c42dc000-7f43c42dd000 r--p 00002000 08:01 393920                     /usr/lib/x86_64-linux-gnu/libdl-2.28.so
7f43c42dd000-7f43c42de000 rw-p 00003000 08:01 393920                     /usr/lib/x86_64-linux-gnu/libdl-2.28.so
7f43c42de000-7f43c42e1000 r--p 00000000 08:01 406397                     /usr/lib/jvm/java-11-openjdk-amd64/lib/jli/libjli.so
7f43c42e1000-7f43c42eb000 r-xp 00003000 08:01 406397                     /usr/lib/jvm/java-11-openjdk-amd64/lib/jli/libjli.so
7f43c42eb000-7f43c42ee000 r--p 0000d000 08:01 406397                     /usr/lib/jvm/java-11-openjdk-amd64/lib/jli/libjli.so
7f43c42ee000-7f43c42ef000 ---p 00010000 08:01 406397                     /usr/lib/jvm/java-11-openjdk-amd64/lib/jli/libjli.so
7f43c42ef000-7f43c42f0000 r--p 00010000 08:01 406397                     /usr/lib/jvm/java-11-openjdk-amd64/lib/jli/libjli.so
7f43c42f0000-7f43c42f1000 rw-p 00011000 08:01 406397                     /usr/lib/jvm/java-11-openjdk-amd64/lib/jli/libjli.so
7f43c42f1000-7f43c42f7000 r--p 00000000 08:01 393936                     /usr/lib/x86_64-linux-gnu/libpthread-2.28.so
7f43c42f7000-7f43c4306000 r-xp 00006000 08:01 393936                     /usr/lib/x86_64-linux-gnu/libpthread-2.28.so
7f43c4306000-7f43c430c000 r--p 00015000 08:01 393936                     /usr/lib/x86_64-linux-gnu/libpthread-2.28.so
7f43c430c000-7f43c430d000 r--p 0001a000 08:01 393936                     /usr/lib/x86_64-linux-gnu/libpthread-2.28.so
7f43c430d000-7f43c430e000 rw-p 0001b000 08:01 393936                     /usr/lib/x86_64-linux-gnu/libpthread-2.28.so
7f43c430e000-7f43c4312000 rw-p 00000000 00:00 0 
7f43c4312000-7f43c432e000 r-xp 00000000 08:01 395548                     /usr/lib/x86_64-linux-gnu/libz.so.1.2.11
7f43c432e000-7f43c452e000 ---p 0001c000 08:01 395548                     /usr/lib/x86_64-linux-gnu/libz.so.1.2.11
7f43c452e000-7f43c452f000 r--p 0001c000 08:01 395548                     /usr/lib/x86_64-linux-gnu/libz.so.1.2.11
7f43c452f000-7f43c4530000 rw-p 0001d000 08:01 395548                     /usr/lib/x86_64-linux-gnu/libz.so.1.2.11
7f43c4530000-7f43c4532000 rw-p 00000000 00:00 0 
7f43c4533000-7f43c4534000 ---p 00000000 00:00 0 
7f43c4534000-7f43c4535000 r--p 00000000 00:00 0 
7f43c4535000-7f43c453a000 r--p 00000000 08:01 406433                     /usr/lib/jvm/java-11-openjdk-amd64/lib/libverify.so
7f43c453a000-7f43c4541000 r-xp 00005000 08:01 406433                     /usr/lib/jvm/java-11-openjdk-amd64/lib/libverify.so
7f43c4541000-7f43c4543000 r--p 0000c000 08:01 406433                     /usr/lib/jvm/java-11-openjdk-amd64/lib/libverify.so
7f43c4543000-7f43c4545000 r--p 0000d000 08:01 406433                     /usr/lib/jvm/java-11-openjdk-amd64/lib/libverify.so
7f43c4545000-7f43c4546000 rw-p 0000f000 08:01 406433                     /usr/lib/jvm/java-11-openjdk-amd64/lib/libverify.so
7f43c4546000-7f43c4547000 r--p 00000000 08:01 393238                     /usr/lib/x86_64-linux-gnu/ld-2.28.so
7f43c4547000-7f43c4565000 r-xp 00001000 08:01 393238                     /usr/lib/x86_64-linux-gnu/ld-2.28.so
7f43c4565000-7f43c456d000 r--p 0001f000 08:01 393238                     /usr/lib/x86_64-linux-gnu/ld-2.28.so
7f43c456d000-7f43c456e000 r--p 00026000 08:01 393238                     /usr/lib/x86_64-linux-gnu/ld-2.28.so
7f43c456e000-7f43c456f000 rw-p 00027000 08:01 393238                     /usr/lib/x86_64-linux-gnu/ld-2.28.so
7f43c456f000-7f43c4570000 rw-p 00000000 00:00 0 
7fff304a4000-7fff304c5000 rw-p 00000000 00:00 0                          [stack]
7fff305de000-7fff305e1000 r--p 00000000 00:00 0                          [vvar]
7fff305e1000-7fff305e3000 r-xp 00000000 00:00 0                          [vdso]


VM Arguments:
jvm_args: --add-modules=ALL-SYSTEM --add-opens=java.base/java.util=ALL-UNNAMED --add-opens=java.base/java.lang=ALL-UNNAMED -Declipse.application=org.eclipse.jdt.ls.core.id1 -Dosgi.bundles.defaultStartLevel=4 -Declipse.product=org.eclipse.jdt.ls.core.product -Dfile.encoding=utf8 -XX:+UseParallelGC -XX:GCTimeRatio=4 -XX:AdaptiveSizePolicyWeight=90 -Dsun.zip.disableMemoryMapping=true -Xmx1G -Xms100m -Xverify:none 
java_command: /home/mininet/.vscode-server/extensions/redhat.java-0.75.0/server/plugins/org.eclipse.equinox.launcher_1.6.0.v20200915-1508.jar -configuration /home/mininet/.vscode-server/data/User/globalStorage/redhat.java/0.75.0/config_linux -data /home/mininet/.vscode-server/data/User/workspaceStorage/180be4031ffe3574fb22295319de88fb/redhat.java/jdt_ws
java_class_path (initial): /home/mininet/.vscode-server/extensions/redhat.java-0.75.0/server/plugins/org.eclipse.equinox.launcher_1.6.0.v20200915-1508.jar
Launcher Type: SUN_STANDARD

[Global flags]
    uintx AdaptiveSizePolicyWeight                 = 90                                        {product} {command line}
     bool BytecodeVerificationLocal                = false                                     {product} {command line}
     bool BytecodeVerificationRemote               = false                                     {product} {command line}
     intx CICompilerCount                          = 2                                         {product} {ergonomic}
    uintx GCTimeRatio                              = 4                                         {product} {command line}
   size_t InitialHeapSize                          = 104857600                                 {product} {command line}
   size_t MaxHeapSize                              = 1073741824                                {product} {command line}
   size_t MaxNewSize                               = 357564416                                 {product} {ergonomic}
   size_t MinHeapDeltaBytes                        = 524288                                    {product} {ergonomic}
   size_t NewSize                                  = 34603008                                  {product} {ergonomic}
    uintx NonNMethodCodeHeapSize                   = 5825164                                {pd product} {ergonomic}
    uintx NonProfiledCodeHeapSize                  = 122916538                              {pd product} {ergonomic}
   size_t OldSize                                  = 70254592                                  {product} {ergonomic}
    uintx ProfiledCodeHeapSize                     = 122916538                              {pd product} {ergonomic}
    uintx ReservedCodeCacheSize                    = 251658240                              {pd product} {ergonomic}
     bool SegmentedCodeCache                       = true                                      {product} {ergonomic}
     bool UseCompressedClassPointers               = true                                 {lp64_product} {ergonomic}
     bool UseCompressedOops                        = true                                 {lp64_product} {ergonomic}
     bool UseParallelGC                            = true                                      {product} {command line}

Logging:
Log output configuration:
 #0: stdout all=warning uptime,level,tags
 #1: stderr all=off uptime,level,tags

Environment Variables:
PATH=/home/mininet/.vscode-server/bin/622cb03f7e070a9670c94bae1a45d78d7181fbd4/bin:/sbin:/usr/local/bin:/usr/bin:/bin:/usr/local/games:/usr/games
SHELL=/bin/bash
LANG=en_US.UTF-8

Signal Handlers:
SIGSEGV: [libjvm.so+0xe170c0], sa_mask[0]=11111111011111111101111111111110, sa_flags=SA_RESTART|SA_SIGINFO
SIGBUS: [libjvm.so+0xe170c0], sa_mask[0]=11111111011111111101111111111110, sa_flags=SA_RESTART|SA_SIGINFO
SIGFPE: [libjvm.so+0xe170c0], sa_mask[0]=11111111011111111101111111111110, sa_flags=SA_RESTART|SA_SIGINFO
SIGPIPE: [libjvm.so+0xb6c750], sa_mask[0]=11111111011111111101111111111110, sa_flags=SA_RESTART|SA_SIGINFO
SIGXFSZ: [libjvm.so+0xb6c750], sa_mask[0]=11111111011111111101111111111110, sa_flags=SA_RESTART|SA_SIGINFO
SIGILL: [libjvm.so+0xe170c0], sa_mask[0]=11111111011111111101111111111110, sa_flags=SA_RESTART|SA_SIGINFO
SIGUSR2: [libjvm.so+0xb6c5e0], sa_mask[0]=00000000000000000000000000000000, sa_flags=SA_RESTART|SA_SIGINFO
SIGHUP: [libjvm.so+0xb6ca90], sa_mask[0]=11111111011111111101111111111110, sa_flags=SA_RESTART|SA_SIGINFO
SIGINT: [libjvm.so+0xb6ca90], sa_mask[0]=11111111011111111101111111111110, sa_flags=SA_RESTART|SA_SIGINFO
SIGTERM: [libjvm.so+0xb6ca90], sa_mask[0]=11111111011111111101111111111110, sa_flags=SA_RESTART|SA_SIGINFO
SIGQUIT: [libjvm.so+0xb6ca90], sa_mask[0]=11111111011111111101111111111110, sa_flags=SA_RESTART|SA_SIGINFO


---------------  S Y S T E M  ---------------

OS:PRETTY_NAME="Debian GNU/Linux 10 (buster)"
NAME="Debian GNU/Linux"
VERSION_ID="10"
VERSION="10 (buster)"
VERSION_CODENAME=buster
ID=debian
HOME_URL="https://www.debian.org/"
SUPPORT_URL="https://www.debian.org/support"
BUG_REPORT_URL="https://bugs.debian.org/"
uname:Linux 4.19.0-13-amd64 #1 SMP Debian 4.19.160-2 (2020-11-28) x86_64
OS uptime: 22 days 2:58 hours
libc:glibc 2.28 NPTL 2.28 
rlimit (soft/hard): STACK 8192k/infinity , CORE 0k/infinity , NPROC 3790/3790 , NOFILE 1048576/1048576 , AS infinity/infinity , CPU infinity/infinity , DATA infinity/infinity , FSIZE infinity/infinity , MEMLOCK 65536k/65536k
load average:2.33 1.01 3.59

/proc/meminfo:
MemTotal:        1010092 kB
MemFree:           59800 kB
MemAvailable:      19452 kB
Buffers:             100 kB
Cached:            29424 kB
SwapCached:            0 kB
Active:           758020 kB
Inactive:          15576 kB
Active(anon):     754632 kB
Inactive(anon):    12296 kB
Active(file):       3388 kB
Inactive(file):     3280 kB
Unevictable:       38060 kB
Mlocked:           38060 kB
SwapTotal:             0 kB
SwapFree:              0 kB
Dirty:                 4 kB
Writeback:             0 kB
AnonPages:        781140 kB
Mapped:            18436 kB
Shmem:             12984 kB
Slab:              93844 kB
SReclaimable:      55020 kB
SUnreclaim:        38824 kB
KernelStack:        4352 kB
PageTables:         8120 kB
NFS_Unstable:          0 kB
Bounce:                0 kB
WritebackTmp:          0 kB
CommitLimit:      505044 kB
Committed_AS:    2071284 kB
VmallocTotal:   34359738367 kB
VmallocUsed:           0 kB
VmallocChunk:          0 kB
Percpu:              592 kB
HardwareCorrupted:     0 kB
AnonHugePages:    163840 kB
ShmemHugePages:        0 kB
ShmemPmdMapped:        0 kB
HugePages_Total:       0
HugePages_Free:        0
HugePages_Rsvd:        0
HugePages_Surp:        0
Hugepagesize:       2048 kB
Hugetlb:               0 kB
DirectMap4k:      145344 kB
DirectMap2M:      903168 kB

/sys/kernel/mm/transparent_hugepage/enabled:
[always] madvise never
/sys/kernel/mm/transparent_hugepage/defrag (defrag/compaction efforts parameter):
always defer defer+madvise [madvise] never

/proc/sys/kernel/threads-max (system-wide limit on the number of threads):
7580
/proc/sys/vm/max_map_count (maximum number of memory map areas a process may have):
65530
/proc/sys/kernel/pid_max (system-wide limit on number of process identifiers):
32768

container (cgroup) information:
container_type: cgroupv1
cpu_cpuset_cpus: 0
cpu_memory_nodes: 0
active_processor_count: 1
cpu_quota: -1
cpu_period: 100000
cpu_shares: -1
memory_limit_in_bytes: -1
memory_and_swap_limit_in_bytes: -2
memory_soft_limit_in_bytes: -1
memory_usage_in_bytes: 606633984
memory_max_usage_in_bytes: 618225664

VMWare virtualization detected
Steal ticks since vm start: 0
Steal ticks percentage since vm start:  0.000

CPU:total 1 (initial active 1) (1 cores per cpu, 1 threads per core) family 6 model 63 stepping 0, cmov, cx8, fxsr, mmx, sse, sse2, sse3, ssse3, sse4.1, sse4.2, popcnt, aes, clmul, tsc, tscinvbit
CPU Model and flags from /proc/cpuinfo:
model name	: Intel(R) Xeon(R) CPU E5-2630 v3 @ 2.40GHz
flags		: fpu vme de pse tsc msr pae mce cx8 apic sep mtrr pge mca cmov pat pse36 clflush dts mmx fxsr sse sse2 ss syscall nx rdtscp lm constant_tsc arch_perfmon pebs bts nopl tsc_reliable nonstop_tsc cpuid pni pclmulqdq ssse3 cx16 sse4_1 sse4_2 movbe popcnt aes hypervisor lahf_lm pti arat
Online cpus:
0
Offline cpus:

BIOS frequency limitation:
<Not Available>
Frequency switch latency (ns):
<Not Available>
Available cpu frequencies:
<Not Available>
Current governor:
<Not Available>
Core performance/turbo boost:
<Not Available>

Memory: 4k page, physical 1010092k(59800k free), swap 0k(0k free)

vm_info: OpenJDK 64-Bit Server VM (11.0.9.1+1-post-Debian-1deb10u2) for linux-amd64 JRE (11.0.9.1+1-post-Debian-1deb10u2), built on Nov 28 2020 17:42:37 by "unknown" with gcc 8.3.0

END.
